<?xml version="1.0" encoding="UTF-8"?>
<!-- Generated by org.testng.reporters.JUnitXMLReporter -->
<testsuite hostname="lenovo-PC" name="Test" tests="3" failures="2" timestamp="28 Nov 2019 10:25:22 GMT" time="0.087" errors="0">
  <testcase name="t1" time="0.034" classname="testNgPract.retryPrac">
    <failure type="java.lang.AssertionError" message="expected [true] but found [false]">
      <![CDATA[java.lang.AssertionError: expected [true] but found [false]
	at testNgPract.retryPrac.t1(retryPrac.java:10)
... Removed 29 stack frames]]>
    </failure>
  </testcase> <!-- t1 -->
  <testcase name="t2" time="0.003" classname="testNgPract.retryPrac">
    <failure type="java.lang.AssertionError" message="expected [true] but found [false]">
      <![CDATA[java.lang.AssertionError: expected [true] but found [false]
	at testNgPract.retryPrac.t2(retryPrac.java:15)
... Removed 29 stack frames]]>
    </failure>
  </testcase> <!-- t2 -->
  <testcase name="t3" time="0.003" classname="testNgPract.retryPrac"/>
</testsuite> <!-- Test -->
